0 info it worked if it ends with ok
1 verbose cli [ '/usr/local/bin/node',
1 verbose cli   '/usr/local/bin/npm',
1 verbose cli   'install',
1 verbose cli   'SessionSockets' ]
2 info using npm@1.4.28
3 info using node@v0.10.32
4 warn package.json express-cors@0.0.3 No repository field.
5 warn package.json websocket.io@0.2.1 No repository field.
6 warn package.json util@0.10.3 util is also the name of a node core module.
7 verbose readDependencies using package.json deps
8 verbose cache add [ 'SessionSockets', null ]
9 verbose cache add name=undefined spec="SessionSockets" args=["SessionSockets",null]
10 verbose parsed url { protocol: null,
10 verbose parsed url   slashes: null,
10 verbose parsed url   auth: null,
10 verbose parsed url   host: null,
10 verbose parsed url   port: null,
10 verbose parsed url   hostname: null,
10 verbose parsed url   hash: null,
10 verbose parsed url   search: null,
10 verbose parsed url   query: null,
10 verbose parsed url   pathname: 'SessionSockets',
10 verbose parsed url   path: 'SessionSockets',
10 verbose parsed url   href: 'SessionSockets' }
11 silly lockFile ef5e3913-SessionSockets SessionSockets
12 verbose lock SessionSockets /home/jesper/.npm/ef5e3913-SessionSockets.lock
13 silly lockFile ef5e3913-SessionSockets SessionSockets
14 silly lockFile ef5e3913-SessionSockets SessionSockets
15 verbose addNamed [ 'SessionSockets', '' ]
16 verbose addNamed [ null, '*' ]
17 silly lockFile a8a29696-SessionSockets SessionSockets@
18 verbose lock SessionSockets@ /home/jesper/.npm/a8a29696-SessionSockets.lock
19 silly addNameRange { name: 'SessionSockets', range: '*', hasData: false }
20 verbose request where is /SessionSockets
21 verbose request registry https://registry.npmjs.org/
22 verbose request id 6e97cf1bfa3041fc
23 verbose url raw /SessionSockets
24 verbose url resolving [ 'https://registry.npmjs.org/', './SessionSockets' ]
25 verbose url resolved https://registry.npmjs.org/SessionSockets
26 verbose request where is https://registry.npmjs.org/SessionSockets
27 info trying registry request attempt 1 at 08:24:38
28 http GET https://registry.npmjs.org/SessionSockets
29 http 404 https://registry.npmjs.org/SessionSockets
30 verbose headers { date: 'Tue, 21 Oct 2014 10:30:04 GMT',
30 verbose headers   server: 'CouchDB/1.5.0 (Erlang OTP/R16B03)',
30 verbose headers   'content-type': 'application/json',
30 verbose headers   'cache-control': 'max-age=0',
30 verbose headers   'content-length': '52',
30 verbose headers   'accept-ranges': 'bytes',
30 verbose headers   via: '1.1 varnish',
30 verbose headers   age: '0',
30 verbose headers   'x-served-by': 'cache-fra1225-FRA',
30 verbose headers   'x-cache': 'MISS',
30 verbose headers   'x-cache-hits': '0',
30 verbose headers   'x-timer': 'S1413887404.062358,VS0,VE440',
30 verbose headers   'keep-alive': 'timeout=10, max=50',
30 verbose headers   connection: 'Keep-Alive' }
31 silly registry.get cb [ 404,
31 silly registry.get   { date: 'Tue, 21 Oct 2014 10:30:04 GMT',
31 silly registry.get     server: 'CouchDB/1.5.0 (Erlang OTP/R16B03)',
31 silly registry.get     'content-type': 'application/json',
31 silly registry.get     'cache-control': 'max-age=0',
31 silly registry.get     'content-length': '52',
31 silly registry.get     'accept-ranges': 'bytes',
31 silly registry.get     via: '1.1 varnish',
31 silly registry.get     age: '0',
31 silly registry.get     'x-served-by': 'cache-fra1225-FRA',
31 silly registry.get     'x-cache': 'MISS',
31 silly registry.get     'x-cache-hits': '0',
31 silly registry.get     'x-timer': 'S1413887404.062358,VS0,VE440',
31 silly registry.get     'keep-alive': 'timeout=10, max=50',
31 silly registry.get     connection: 'Keep-Alive' } ]
32 silly lockFile a8a29696-SessionSockets SessionSockets@
33 silly lockFile a8a29696-SessionSockets SessionSockets@
34 error 404 404 Not Found: SessionSockets
34 error 404
34 error 404 'SessionSockets' is not in the npm registry.
34 error 404 You should bug the author to publish it
34 error 404 It was specified as a dependency of 'myapp'
34 error 404
34 error 404 Note that you can also install from a
34 error 404 tarball, folder, or http url, or git url.
35 error System Linux 3.13.0-37-generic
36 error command "/usr/local/bin/node" "/usr/local/bin/npm" "install" "SessionSockets"
37 error cwd /home/jesper/Documents/showr/myapp
38 error node -v v0.10.32
39 error npm -v 1.4.28
40 error code E404
41 verbose exit [ 1, true ]
